<?xml version="1.0" encoding="UTF-8" ?>
<testsuite failures="0" time="97.562" errors="0" skipped="0" tests="27" name="services.CommentServiceTest">
  <properties>
[...]
</properties>
  <testcase time="26.781" classname="services.CommentServiceTest" name="testCreateCommentError1"/>
  <testcase time="5.063" classname="services.CommentServiceTest" name="testCreateCommentError2"/>
  <testcase time="2.609" classname="services.CommentServiceTest" name="testCreateCommentError3"/>
  <testcase time="2.203" classname="services.CommentServiceTest" name="testCreateCommentError4"/>
  <testcase time="3.375" classname="services.CommentServiceTest" name="testCreateCommentError5"/>
  <testcase time="2.531" classname="services.CommentServiceTest" name="testCreateCommentError6"/>
  <testcase time="3.5" classname="services.CommentServiceTest" name="testCreateCommentError7"/>
  <testcase time="9.125" classname="services.CommentServiceTest" name="testCreateCommentError8"/>
  <testcase time="2.156" classname="services.CommentServiceTest" name="testCreateCommentError9"/>
  <testcase time="2.031" classname="services.CommentServiceTest" name="testDeleteCommentOk1"/>
  <testcase time="1.985" classname="services.CommentServiceTest" name="testDeleteCommentOk2"/>
  <testcase time="2.062" classname="services.CommentServiceTest" name="testDeleteCommentOk3"/>
  <testcase time="3.203" classname="services.CommentServiceTest" name="testCreateCommentError10"/>
  <testcase time="1.922" classname="services.CommentServiceTest" name="testCreateCommentError11"/>
  <testcase time="1.828" classname="services.CommentServiceTest" name="testCreateCommentError12"/>
  <testcase time="1.625" classname="services.CommentServiceTest" name="testDeleteCommentError1"/>
  <testcase time="2.063" classname="services.CommentServiceTest" name="testDeleteCommentError2"/>
  <testcase time="1.625" classname="services.CommentServiceTest" name="testDeleteCommentError3"/>
  <testcase time="1.625" classname="services.CommentServiceTest" name="testDeleteCommentError4"/>
  <testcase time="1.515" classname="services.CommentServiceTest" name="testDeleteCommentError5"/>
  <testcase time="1.875" classname="services.CommentServiceTest" name="testDeleteCommentError6"/>
  <testcase time="1.656" classname="services.CommentServiceTest" name="testFindAllByCommentedEntityId1"/>
  <testcase time="7.719" classname="services.CommentServiceTest" name="testFindAllByCommentedEntityId2"/>
  <testcase time="2.297" classname="services.CommentServiceTest" name="testFindAllByCommentedEntityId3"/>
  <testcase time="1.563" classname="services.CommentServiceTest" name="testCreateCommentOk1"/>
  <testcase time="1.375" classname="services.CommentServiceTest" name="testCreateCommentOk2"/>
  <testcase time="2.25" classname="services.CommentServiceTest" name="testCreateCommentOk3"/>
</testsuite>