<?xml version="1.0" encoding="UTF-8" ?>
<testsuite failures="0" time="29.734" errors="0" skipped="0" tests="20" name="services.LeagueServiceTest">
  <properties>
[...]
</properties>
  <testcase time="1.157" classname="services.LeagueServiceTest" name="testListLeague1"/>
  <testcase time="1.14" classname="services.LeagueServiceTest" name="testListLeague2"/>
  <testcase time="1.328" classname="services.LeagueServiceTest" name="testListLeague3"/>
  <testcase time="1.375" classname="services.LeagueServiceTest" name="testCreateLeague1"/>
  <testcase time="1.281" classname="services.LeagueServiceTest" name="testCreateLeague2"/>
  <testcase time="1.235" classname="services.LeagueServiceTest" name="testCreateLeague3"/>
  <testcase time="1.796" classname="services.LeagueServiceTest" name="testCreateLeague4"/>
  <testcase time="4.407" classname="services.LeagueServiceTest" name="testCreateLeague5"/>
  <testcase time="1.14" classname="services.LeagueServiceTest" name="testCreateLeague6"/>
  <testcase time="1.141" classname="services.LeagueServiceTest" name="testEditLeague1"/>
  <testcase time="1.328" classname="services.LeagueServiceTest" name="testEditLeague2"/>
  <testcase time="1.328" classname="services.LeagueServiceTest" name="testEditLeague3"/>
  <testcase time="1.235" classname="services.LeagueServiceTest" name="testDeleteLeague1"/>
  <testcase time="1.406" classname="services.LeagueServiceTest" name="testDeleteLeague2"/>
  <testcase time="1.406" classname="services.LeagueServiceTest" name="testDeleteLeague3"/>
  <testcase time="1.328" classname="services.LeagueServiceTest" name="testDeleteLeague4"/>
  <testcase time="1.422" classname="services.LeagueServiceTest" name="testDeleteLeague5"/>
  <testcase time="1.172" classname="services.LeagueServiceTest" name="testDeleteLeague6"/>
  <testcase time="1.562" classname="services.LeagueServiceTest" name="testListLeagueByClub1"/>
  <testcase time="1.547" classname="services.LeagueServiceTest" name="testListLeagueByClub2"/>
</testsuite>