<?xml version="1.0" encoding="UTF-8" ?>
<testsuite failures="0" time="14.89" errors="2" skipped="0" tests="7" name="services.ParticipatesServiceTest">
  <properties>
[...]
</properties>
  <testcase time="2.89" classname="services.ParticipatesServiceTest" name="testViewResultByRunner"/>
  <testcase time="1.657" classname="services.ParticipatesServiceTest" name="testViewResultByManager"/>
  <testcase time="2.515" classname="services.ParticipatesServiceTest" name="testJoinRaceErrorInPast"/>
  <testcase time="1.469" classname="services.ParticipatesServiceTest" name="testViewJoinsByRunner">
    <error message="No existe un corredor que cumpla los requisitos" type="utilities.InvalidPreTestException">utilities.InvalidPreTestException: No existe un corredor que cumpla los requisitos
	at services.ParticipatesServiceTest.testViewJoinsByRunner(ParticipatesServiceTest.java:365)
	at sun.reflect.NativeMethodAccessorImpl.invoke0(Native Method)
	at sun.reflect.NativeMethodAccessorImpl.invoke(NativeMethodAccessorImpl.java:57)
	at sun.reflect.DelegatingMethodAccessorImpl.invoke(DelegatingMethodAccessorImpl.java:43)
	at java.lang.reflect.Method.invoke(Method.java:601)
	at org.junit.runners.model.FrameworkMethod$1.runReflectiveCall(FrameworkMethod.java:47)
	at org.junit.internal.runners.model.ReflectiveCallable.run(ReflectiveCallable.java:12)
	at org.junit.runners.model.FrameworkMethod.invokeExplosively(FrameworkMethod.java:44)
	at org.junit.internal.runners.statements.InvokeMethod.evaluate(InvokeMethod.java:17)
	at org.junit.internal.runners.statements.RunBefores.evaluate(RunBefores.java:26)
	at org.springframework.test.context.junit4.statements.RunBeforeTestMethodCallbacks.evaluate(RunBeforeTestMethodCallbacks.java:74)
	at org.junit.internal.runners.statements.RunAfters.evaluate(RunAfters.java:27)
	at org.springframework.test.context.junit4.statements.RunAfterTestMethodCallbacks.evaluate(RunAfterTestMethodCallbacks.java:83)
	at org.springframework.test.context.junit4.statements.SpringRepeat.evaluate(SpringRepeat.java:72)
	at org.springframework.test.context.junit4.SpringJUnit4ClassRunner.runChild(SpringJUnit4ClassRunner.java:231)
	at org.springframework.test.context.junit4.SpringJUnit4ClassRunner.runChild(SpringJUnit4ClassRunner.java:88)
	at org.junit.runners.ParentRunner$3.run(ParentRunner.java:238)
	at org.junit.runners.ParentRunner$1.schedule(ParentRunner.java:63)
	at org.junit.runners.ParentRunner.runChildren(ParentRunner.java:236)
	at org.junit.runners.ParentRunner.access$000(ParentRunner.java:53)
	at org.junit.runners.ParentRunner$2.evaluate(ParentRunner.java:229)
	at org.springframework.test.context.junit4.statements.RunBeforeTestClassCallbacks.evaluate(RunBeforeTestClassCallbacks.java:61)
	at org.springframework.test.context.junit4.statements.RunAfterTestClassCallbacks.evaluate(RunAfterTestClassCallbacks.java:71)
	at org.junit.runners.ParentRunner.run(ParentRunner.java:309)
	at org.springframework.test.context.junit4.SpringJUnit4ClassRunner.run(SpringJUnit4ClassRunner.java:174)
	at org.apache.maven.surefire.junit4.JUnit4Provider.execute(JUnit4Provider.java:252)
	at org.apache.maven.surefire.junit4.JUnit4Provider.executeTestSet(JUnit4Provider.java:141)
	at org.apache.maven.surefire.junit4.JUnit4Provider.invoke(JUnit4Provider.java:112)
	at sun.reflect.NativeMethodAccessorImpl.invoke0(Native Method)
	at sun.reflect.NativeMethodAccessorImpl.invoke(NativeMethodAccessorImpl.java:57)
	at sun.reflect.DelegatingMethodAccessorImpl.invoke(DelegatingMethodAccessorImpl.java:43)
	at java.lang.reflect.Method.invoke(Method.java:601)
	at org.apache.maven.surefire.util.ReflectionUtils.invokeMethodWithArray(ReflectionUtils.java:189)
	at org.apache.maven.surefire.booter.ProviderFactory$ProviderProxy.invoke(ProviderFactory.java:165)
	at org.apache.maven.surefire.booter.ProviderFactory.invokeProvider(ProviderFactory.java:85)
	at org.apache.maven.surefire.booter.ForkedBooter.runSuitesInProcess(ForkedBooter.java:115)
	at org.apache.maven.surefire.booter.ForkedBooter.main(ForkedBooter.java:75)
</error>
    <system-out>PopulateDatabase 1.3
--------------------

Initialising persistence context `Acme-Orienteering&apos;...
2016-05-23 20:27:46,481 [main] WARN  org.hibernate.jpa.internal.EntityManagerFactoryRegistry  - HHH000436: Entity manager factory name (Acme-Orienteering) is already registered.  If entity manager will be clustered or passivated, specify a unique value for property &apos;hibernate.ejb.entitymanager_factory_name&apos;
2016-05-23 20:27:46,481 [main] WARN  org.hibernate.jpa.internal.EntityManagerFactoryRegistry  - HHH000436: Entity manager factory name (Acme-Orienteering) is already registered.  If entity manager will be clustered or passivated, specify a unique value for property &apos;hibernate.ejb.entitymanager_factory_name&apos;
Creating database `Acme-Orienteering&apos; (org.hibernate.dialect.MySQLDialect)...
Reading configuration file `PopulateDatabase.xml&apos;...
Persisting 89 entities...

&gt; userAccount1: security.UserAccount -&gt; id = 1, version = 0
&gt; userAccount2: security.UserAccount -&gt; id = 2, version = 0
&gt; userAccount3: security.UserAccount -&gt; id = 3, version = 0
&gt; userAccount4: security.UserAccount -&gt; id = 4, version = 0
&gt; userAccount5: security.UserAccount -&gt; id = 5, version = 0
&gt; userAccount6: security.UserAccount -&gt; id = 6, version = 0
&gt; userAccount7: security.UserAccount -&gt; id = 7, version = 0
&gt; userAccount8: security.UserAccount -&gt; id = 8, version = 0
&gt; userAccount9: security.UserAccount -&gt; id = 9, version = 0
&gt; administrator1: domain.Administrator -&gt; id = 10, version = 0
&gt; curriculum1: domain.Curriculum -&gt; id = 11, version = 0
&gt; curriculum2: domain.Curriculum -&gt; id = 12, version = 0
&gt; curriculum3: domain.Curriculum -&gt; id = 13, version = 0
&gt; curriculum4: domain.Curriculum -&gt; id = 14, version = 0
&gt; manager1: domain.Manager -&gt; id = 15, version = 0
&gt; manager2: domain.Manager -&gt; id = 16, version = 0
&gt; manager3: domain.Manager -&gt; id = 17, version = 0
&gt; runner1: domain.Runner -&gt; id = 18, version = 0
&gt; runner2: domain.Runner -&gt; id = 19, version = 0
&gt; runner3: domain.Runner -&gt; id = 20, version = 0
&gt; referee1: domain.Referee -&gt; id = 21, version = 0
&gt; referee2: domain.Referee -&gt; id = 22, version = 0
&gt; message1: domain.MessageEntity -&gt; id = 23, version = 0
&gt; message100: domain.MessageEntity -&gt; id = 24, version = 0
&gt; message101: domain.MessageEntity -&gt; id = 25, version = 0
&gt; message102: domain.MessageEntity -&gt; id = 26, version = 0
&gt; message103: domain.MessageEntity -&gt; id = 27, version = 0
&gt; message104: domain.MessageEntity -&gt; id = 28, version = 0
&gt; folder1: domain.Folder -&gt; id = 29, version = 0
&gt; folder2: domain.Folder -&gt; id = 30, version = 0
&gt; folder3: domain.Folder -&gt; id = 31, version = 0
&gt; folder4: domain.Folder -&gt; id = 32, version = 0
&gt; folder5: domain.Folder -&gt; id = 33, version = 0
&gt; folder6: domain.Folder -&gt; id = 34, version = 0
&gt; folder7: domain.Folder -&gt; id = 35, version = 0
&gt; folder8: domain.Folder -&gt; id = 36, version = 0
&gt; folder9: domain.Folder -&gt; id = 37, version = 0
&gt; folder10: domain.Folder -&gt; id = 38, version = 0
&gt; folder11: domain.Folder -&gt; id = 39, version = 0
&gt; folder12: domain.Folder -&gt; id = 40, version = 0
&gt; folder13: domain.Folder -&gt; id = 41, version = 0
&gt; folder14: domain.Folder -&gt; id = 42, version = 0
&gt; folder15: domain.Folder -&gt; id = 43, version = 0
&gt; folder16: domain.Folder -&gt; id = 44, version = 0
&gt; folder17: domain.Folder -&gt; id = 45, version = 0
&gt; folder18: domain.Folder -&gt; id = 46, version = 0
&gt; folder19: domain.Folder -&gt; id = 47, version = 0
&gt; folder20: domain.Folder -&gt; id = 48, version = 0
&gt; folder21: domain.Folder -&gt; id = 49, version = 0
&gt; folder22: domain.Folder -&gt; id = 50, version = 0
&gt; folder23: domain.Folder -&gt; id = 51, version = 0
&gt; folder24: domain.Folder -&gt; id = 52, version = 0
&gt; folder25: domain.Folder -&gt; id = 53, version = 0
&gt; folder26: domain.Folder -&gt; id = 54, version = 0
&gt; folder27: domain.Folder -&gt; id = 55, version = 0
&gt; folder100: domain.Folder -&gt; id = 56, version = 0
&gt; folder101: domain.Folder -&gt; id = 57, version = 0
&gt; folder102: domain.Folder -&gt; id = 58, version = 0
&gt; club1: domain.Club -&gt; id = 59, version = 0
&gt; club2: domain.Club -&gt; id = 60, version = 0
&gt; entered1: domain.Entered -&gt; id = 61, version = 0
&gt; entered2: domain.Entered -&gt; id = 62, version = 0
&gt; entered3: domain.Entered -&gt; id = 63, version = 0
&gt; bulletin1: domain.Bulletin -&gt; id = 64, version = 0
&gt; category1: domain.Category -&gt; id = 65, version = 0
&gt; category2: domain.Category -&gt; id = 66, version = 0
&gt; league1: domain.League -&gt; id = 67, version = 0
&gt; league2: domain.League -&gt; id = 68, version = 0
&gt; league3: domain.League -&gt; id = 69, version = 0
&gt; race1: domain.Race -&gt; id = 70, version = 0
&gt; race2: domain.Race -&gt; id = 71, version = 0
&gt; race3: domain.Race -&gt; id = 72, version = 0
&gt; race4: domain.Race -&gt; id = 73, version = 0
&gt; classification1: domain.Classification -&gt; id = 74, version = 0
&gt; classification2: domain.Classification -&gt; id = 75, version = 0
&gt; punishment1: domain.Punishment -&gt; id = 76, version = 0
&gt; feePayment1: domain.FeePayment -&gt; id = 77, version = 0
&gt; feePayment2: domain.FeePayment -&gt; id = 78, version = 0
&gt; participates1: domain.Participates -&gt; id = 79, version = 0
&gt; participates2: domain.Participates -&gt; id = 80, version = 0
&gt; sponsor1: domain.Sponsor -&gt; id = 81, version = 0
&gt; finances1: domain.Finances -&gt; id = 82, version = 0
&gt; comment1: domain.Comment -&gt; id = 83, version = 0
&gt; comment2: domain.Comment -&gt; id = 84, version = 0
&gt; comment3: domain.Comment -&gt; id = 85, version = 0
&gt; comment4: domain.Comment -&gt; id = 86, version = 0
&gt; comment5: domain.Comment -&gt; id = 87, version = 0
&gt; comment6: domain.Comment -&gt; id = 88, version = 0
</system-out>
  </testcase>
  <testcase time="2.531" classname="services.ParticipatesServiceTest" name="testJoinRaceErrorClubNotInLeague"/>
  <testcase time="2.391" classname="services.ParticipatesServiceTest" name="testJoinRaceOk"/>
  <testcase time="1.437" classname="services.ParticipatesServiceTest" name="testJoinRaceErrorMultipleJoin">
    <error message="No existe una combinación de corredor y carrera que cumpla los requisitos" type="utilities.InvalidPreTestException">utilities.InvalidPreTestException: No existe una combinación de corredor y carrera que cumpla los requisitos
	at services.ParticipatesServiceTest.testJoinRaceErrorMultipleJoin(ParticipatesServiceTest.java:177)
	at sun.reflect.NativeMethodAccessorImpl.invoke0(Native Method)
	at sun.reflect.NativeMethodAccessorImpl.invoke(NativeMethodAccessorImpl.java:57)
	at sun.reflect.DelegatingMethodAccessorImpl.invoke(DelegatingMethodAccessorImpl.java:43)
	at java.lang.reflect.Method.invoke(Method.java:601)
	at org.junit.runners.model.FrameworkMethod$1.runReflectiveCall(FrameworkMethod.java:47)
	at org.junit.internal.runners.model.ReflectiveCallable.run(ReflectiveCallable.java:12)
	at org.junit.runners.model.FrameworkMethod.invokeExplosively(FrameworkMethod.java:44)
	at org.junit.internal.runners.statements.InvokeMethod.evaluate(InvokeMethod.java:17)
	at org.junit.internal.runners.statements.RunBefores.evaluate(RunBefores.java:26)
	at org.springframework.test.context.junit4.statements.RunBeforeTestMethodCallbacks.evaluate(RunBeforeTestMethodCallbacks.java:74)
	at org.junit.internal.runners.statements.RunAfters.evaluate(RunAfters.java:27)
	at org.springframework.test.context.junit4.statements.RunAfterTestMethodCallbacks.evaluate(RunAfterTestMethodCallbacks.java:83)
	at org.springframework.test.context.junit4.statements.SpringRepeat.evaluate(SpringRepeat.java:72)
	at org.springframework.test.context.junit4.SpringJUnit4ClassRunner.runChild(SpringJUnit4ClassRunner.java:231)
	at org.springframework.test.context.junit4.SpringJUnit4ClassRunner.runChild(SpringJUnit4ClassRunner.java:88)
	at org.junit.runners.ParentRunner$3.run(ParentRunner.java:238)
	at org.junit.runners.ParentRunner$1.schedule(ParentRunner.java:63)
	at org.junit.runners.ParentRunner.runChildren(ParentRunner.java:236)
	at org.junit.runners.ParentRunner.access$000(ParentRunner.java:53)
	at org.junit.runners.ParentRunner$2.evaluate(ParentRunner.java:229)
	at org.springframework.test.context.junit4.statements.RunBeforeTestClassCallbacks.evaluate(RunBeforeTestClassCallbacks.java:61)
	at org.springframework.test.context.junit4.statements.RunAfterTestClassCallbacks.evaluate(RunAfterTestClassCallbacks.java:71)
	at org.junit.runners.ParentRunner.run(ParentRunner.java:309)
	at org.springframework.test.context.junit4.SpringJUnit4ClassRunner.run(SpringJUnit4ClassRunner.java:174)
	at org.apache.maven.surefire.junit4.JUnit4Provider.execute(JUnit4Provider.java:252)
	at org.apache.maven.surefire.junit4.JUnit4Provider.executeTestSet(JUnit4Provider.java:141)
	at org.apache.maven.surefire.junit4.JUnit4Provider.invoke(JUnit4Provider.java:112)
	at sun.reflect.NativeMethodAccessorImpl.invoke0(Native Method)
	at sun.reflect.NativeMethodAccessorImpl.invoke(NativeMethodAccessorImpl.java:57)
	at sun.reflect.DelegatingMethodAccessorImpl.invoke(DelegatingMethodAccessorImpl.java:43)
	at java.lang.reflect.Method.invoke(Method.java:601)
	at org.apache.maven.surefire.util.ReflectionUtils.invokeMethodWithArray(ReflectionUtils.java:189)
	at org.apache.maven.surefire.booter.ProviderFactory$ProviderProxy.invoke(ProviderFactory.java:165)
	at org.apache.maven.surefire.booter.ProviderFactory.invokeProvider(ProviderFactory.java:85)
	at org.apache.maven.surefire.booter.ForkedBooter.runSuitesInProcess(ForkedBooter.java:115)
	at org.apache.maven.surefire.booter.ForkedBooter.main(ForkedBooter.java:75)
</error>
    <system-out>PopulateDatabase 1.3
--------------------

Initialising persistence context `Acme-Orienteering&apos;...
2016-05-23 20:27:52,793 [main] WARN  org.hibernate.jpa.internal.EntityManagerFactoryRegistry  - HHH000436: Entity manager factory name (Acme-Orienteering) is already registered.  If entity manager will be clustered or passivated, specify a unique value for property &apos;hibernate.ejb.entitymanager_factory_name&apos;
2016-05-23 20:27:52,793 [main] WARN  org.hibernate.jpa.internal.EntityManagerFactoryRegistry  - HHH000436: Entity manager factory name (Acme-Orienteering) is already registered.  If entity manager will be clustered or passivated, specify a unique value for property &apos;hibernate.ejb.entitymanager_factory_name&apos;
Creating database `Acme-Orienteering&apos; (org.hibernate.dialect.MySQLDialect)...
Reading configuration file `PopulateDatabase.xml&apos;...
Persisting 89 entities...

&gt; userAccount1: security.UserAccount -&gt; id = 1, version = 0
&gt; userAccount2: security.UserAccount -&gt; id = 2, version = 0
&gt; userAccount3: security.UserAccount -&gt; id = 3, version = 0
&gt; userAccount4: security.UserAccount -&gt; id = 4, version = 0
&gt; userAccount5: security.UserAccount -&gt; id = 5, version = 0
&gt; userAccount6: security.UserAccount -&gt; id = 6, version = 0
&gt; userAccount7: security.UserAccount -&gt; id = 7, version = 0
&gt; userAccount8: security.UserAccount -&gt; id = 8, version = 0
&gt; userAccount9: security.UserAccount -&gt; id = 9, version = 0
&gt; administrator1: domain.Administrator -&gt; id = 10, version = 0
&gt; curriculum1: domain.Curriculum -&gt; id = 11, version = 0
&gt; curriculum2: domain.Curriculum -&gt; id = 12, version = 0
&gt; curriculum3: domain.Curriculum -&gt; id = 13, version = 0
&gt; curriculum4: domain.Curriculum -&gt; id = 14, version = 0
&gt; manager1: domain.Manager -&gt; id = 15, version = 0
&gt; manager2: domain.Manager -&gt; id = 16, version = 0
&gt; manager3: domain.Manager -&gt; id = 17, version = 0
&gt; runner1: domain.Runner -&gt; id = 18, version = 0
&gt; runner2: domain.Runner -&gt; id = 19, version = 0
&gt; runner3: domain.Runner -&gt; id = 20, version = 0
&gt; referee1: domain.Referee -&gt; id = 21, version = 0
&gt; referee2: domain.Referee -&gt; id = 22, version = 0
&gt; message1: domain.MessageEntity -&gt; id = 23, version = 0
&gt; message100: domain.MessageEntity -&gt; id = 24, version = 0
&gt; message101: domain.MessageEntity -&gt; id = 25, version = 0
&gt; message102: domain.MessageEntity -&gt; id = 26, version = 0
&gt; message103: domain.MessageEntity -&gt; id = 27, version = 0
&gt; message104: domain.MessageEntity -&gt; id = 28, version = 0
&gt; folder1: domain.Folder -&gt; id = 29, version = 0
&gt; folder2: domain.Folder -&gt; id = 30, version = 0
&gt; folder3: domain.Folder -&gt; id = 31, version = 0
&gt; folder4: domain.Folder -&gt; id = 32, version = 0
&gt; folder5: domain.Folder -&gt; id = 33, version = 0
&gt; folder6: domain.Folder -&gt; id = 34, version = 0
&gt; folder7: domain.Folder -&gt; id = 35, version = 0
&gt; folder8: domain.Folder -&gt; id = 36, version = 0
&gt; folder9: domain.Folder -&gt; id = 37, version = 0
&gt; folder10: domain.Folder -&gt; id = 38, version = 0
&gt; folder11: domain.Folder -&gt; id = 39, version = 0
&gt; folder12: domain.Folder -&gt; id = 40, version = 0
&gt; folder13: domain.Folder -&gt; id = 41, version = 0
&gt; folder14: domain.Folder -&gt; id = 42, version = 0
&gt; folder15: domain.Folder -&gt; id = 43, version = 0
&gt; folder16: domain.Folder -&gt; id = 44, version = 0
&gt; folder17: domain.Folder -&gt; id = 45, version = 0
&gt; folder18: domain.Folder -&gt; id = 46, version = 0
&gt; folder19: domain.Folder -&gt; id = 47, version = 0
&gt; folder20: domain.Folder -&gt; id = 48, version = 0
&gt; folder21: domain.Folder -&gt; id = 49, version = 0
&gt; folder22: domain.Folder -&gt; id = 50, version = 0
&gt; folder23: domain.Folder -&gt; id = 51, version = 0
&gt; folder24: domain.Folder -&gt; id = 52, version = 0
&gt; folder25: domain.Folder -&gt; id = 53, version = 0
&gt; folder26: domain.Folder -&gt; id = 54, version = 0
&gt; folder27: domain.Folder -&gt; id = 55, version = 0
&gt; folder100: domain.Folder -&gt; id = 56, version = 0
&gt; folder101: domain.Folder -&gt; id = 57, version = 0
&gt; folder102: domain.Folder -&gt; id = 58, version = 0
&gt; club1: domain.Club -&gt; id = 59, version = 0
&gt; club2: domain.Club -&gt; id = 60, version = 0
&gt; entered1: domain.Entered -&gt; id = 61, version = 0
&gt; entered2: domain.Entered -&gt; id = 62, version = 0
&gt; entered3: domain.Entered -&gt; id = 63, version = 0
&gt; bulletin1: domain.Bulletin -&gt; id = 64, version = 0
&gt; category1: domain.Category -&gt; id = 65, version = 0
&gt; category2: domain.Category -&gt; id = 66, version = 0
&gt; league1: domain.League -&gt; id = 67, version = 0
&gt; league2: domain.League -&gt; id = 68, version = 0
&gt; league3: domain.League -&gt; id = 69, version = 0
&gt; race1: domain.Race -&gt; id = 70, version = 0
&gt; race2: domain.Race -&gt; id = 71, version = 0
&gt; race3: domain.Race -&gt; id = 72, version = 0
&gt; race4: domain.Race -&gt; id = 73, version = 0
&gt; classification1: domain.Classification -&gt; id = 74, version = 0
&gt; classification2: domain.Classification -&gt; id = 75, version = 0
&gt; punishment1: domain.Punishment -&gt; id = 76, version = 0
&gt; feePayment1: domain.FeePayment -&gt; id = 77, version = 0
&gt; feePayment2: domain.FeePayment -&gt; id = 78, version = 0
&gt; participates1: domain.Participates -&gt; id = 79, version = 0
&gt; participates2: domain.Participates -&gt; id = 80, version = 0
&gt; sponsor1: domain.Sponsor -&gt; id = 81, version = 0
&gt; finances1: domain.Finances -&gt; id = 82, version = 0
&gt; comment1: domain.Comment -&gt; id = 83, version = 0
&gt; comment2: domain.Comment -&gt; id = 84, version = 0
&gt; comment3: domain.Comment -&gt; id = 85, version = 0
&gt; comment4: domain.Comment -&gt; id = 86, version = 0
&gt; comment5: domain.Comment -&gt; id = 87, version = 0
&gt; comment6: domain.Comment -&gt; id = 88, version = 0
</system-out>
  </testcase>
</testsuite>